{"contracts/CS218Token.sol":{"l":{"22":1,"29":2,"30":1,"31":1,"53":14,"54":14,"58":13,"60":13},"path":"/home/gp/Programming/eth/cs218-erc20-staking/smart-contracts/contracts/CS218Token.sol","s":{"1":1,"2":2,"3":1,"4":14,"5":14,"6":13,"7":13},"b":{"1":[2,0],"2":[1,1],"3":[13,1],"4":[13,0],"5":[13,0]},"f":{"1":1,"2":2,"3":14},"fnMap":{"1":{"name":"constructor","line":20,"loc":{"start":{"line":18,"column":4},"end":{"line":23,"column":4}}},"2":{"name":"setMinter","line":28,"loc":{"start":{"line":28,"column":4},"end":{"line":32,"column":4}}},"3":{"name":"mint","line":50,"loc":{"start":{"line":50,"column":4},"end":{"line":61,"column":4}}}},"statementMap":{"1":{"start":{"line":22,"column":8},"end":{"line":22,"column":58}},"2":{"start":{"line":29,"column":8},"end":{"line":29,"column":70}},"3":{"start":{"line":31,"column":8},"end":{"line":31,"column":35}},"4":{"start":{"line":53,"column":8},"end":{"line":53,"column":32}},"5":{"start":{"line":54,"column":8},"end":{"line":54,"column":2607}},"6":{"start":{"line":58,"column":8},"end":{"line":58,"column":65}},"7":{"start":{"line":60,"column":8},"end":{"line":60,"column":24}}},"branchMap":{"1":{"line":28,"type":"if","locations":[{"start":{"line":28,"column":49},"end":{"line":28,"column":49}},{"start":{"line":28,"column":49},"end":{"line":28,"column":49}}]},"2":{"line":29,"type":"if","locations":[{"start":{"line":29,"column":8},"end":{"line":29,"column":8}},{"start":{"line":29,"column":8},"end":{"line":29,"column":8}}]},"3":{"line":54,"type":"if","locations":[{"start":{"line":54,"column":8},"end":{"line":54,"column":8}},{"start":{"line":54,"column":8},"end":{"line":54,"column":8}}]},"4":{"line":55,"type":"cond-expr","locations":[{"start":{"line":55,"column":12},"end":{"line":55,"column":31}},{"start":{"line":55,"column":36},"end":{"line":55,"column":55}}]},"5":{"line":58,"type":"if","locations":[{"start":{"line":58,"column":8},"end":{"line":58,"column":8}},{"start":{"line":58,"column":8},"end":{"line":58,"column":8}}]}}},"contracts/StakingContract.sol":{"l":{"87":1,"88":1,"100":23,"103":22,"106":22,"108":22,"109":22,"111":2,"115":22,"116":22,"119":22,"121":22,"122":2,"123":2,"126":22,"135":9,"136":9,"137":8,"138":8,"141":7,"144":7,"147":7,"148":7,"151":7,"153":7,"154":7,"155":7,"158":7,"168":5,"169":5,"172":4,"175":4,"177":4,"180":4,"183":4,"185":4,"195":9,"196":9,"203":4,"213":2,"214":1,"215":1,"242":22,"243":20,"245":20},"path":"/home/gp/Programming/eth/cs218-erc20-staking/smart-contracts/contracts/StakingContract.sol","s":{"1":1,"2":23,"3":22,"4":22,"5":22,"6":22,"7":22,"8":22,"9":2,"10":2,"11":22,"12":9,"13":9,"14":8,"15":8,"16":7,"17":7,"18":7,"19":7,"20":7,"21":7,"22":7,"23":5,"24":5,"25":4,"26":4,"27":4,"28":0,"29":4,"30":4,"31":9,"32":9,"33":4,"34":2,"35":1,"36":22,"37":2,"38":20,"39":20},"b":{"1":[1,0],"2":[23,0],"3":[22,1],"4":[2,20],"5":[2,20],"6":[9,0],"7":[8,1],"8":[8,0],"9":[7,1],"10":[7,0],"11":[5,0],"12":[4,1],"13":[0,4],"14":[2,1],"15":[1,1],"16":[2,20],"17":[2,0]},"f":{"1":1,"2":23,"3":9,"4":5,"5":9,"6":4,"7":2,"8":22},"fnMap":{"1":{"name":"constructor","line":86,"loc":{"start":{"line":86,"column":4},"end":{"line":89,"column":4}}},"2":{"name":"stake","line":99,"loc":{"start":{"line":99,"column":4},"end":{"line":127,"column":4}}},"3":{"name":"unstake","line":133,"loc":{"start":{"line":133,"column":4},"end":{"line":159,"column":4}}},"4":{"name":"claimRewards","line":166,"loc":{"start":{"line":166,"column":4},"end":{"line":186,"column":4}}},"5":{"name":"getPendingRewards","line":193,"loc":{"start":{"line":193,"column":4},"end":{"line":197,"column":4}}},"6":{"name":"getStakedBalance","line":202,"loc":{"start":{"line":202,"column":4},"end":{"line":204,"column":4}}},"7":{"name":"setRewardRate","line":212,"loc":{"start":{"line":212,"column":4},"end":{"line":216,"column":4}}},"8":{"name":"_calculateRewardsFromCache","line":237,"loc":{"start":{"line":237,"column":4},"end":{"line":246,"column":4}}}},"statementMap":{"1":{"start":{"line":87,"column":8},"end":{"line":87,"column":78}},"2":{"start":{"line":100,"column":8},"end":{"line":100,"column":71}},"3":{"start":{"line":103,"column":8},"end":{"line":103,"column":47}},"4":{"start":{"line":106,"column":8},"end":{"line":106,"column":33}},"5":{"start":{"line":108,"column":8},"end":{"line":108,"column":27}},"6":{"start":{"line":109,"column":8},"end":{"line":109,"column":5623}},"7":{"start":{"line":119,"column":8},"end":{"line":119,"column":64}},"8":{"start":{"line":121,"column":8},"end":{"line":121,"column":6191}},"9":{"start":{"line":122,"column":12},"end":{"line":122,"column":42}},"10":{"start":{"line":123,"column":12},"end":{"line":123,"column":52}},"11":{"start":{"line":126,"column":8},"end":{"line":126,"column":39}},"12":{"start":{"line":135,"column":8},"end":{"line":135,"column":47}},"13":{"start":{"line":136,"column":8},"end":{"line":136,"column":71}},"14":{"start":{"line":137,"column":8},"end":{"line":137,"column":76}},"15":{"start":{"line":138,"column":8},"end":{"line":138,"column":86}},"16":{"start":{"line":141,"column":8},"end":{"line":141,"column":36}},"17":{"start":{"line":144,"column":8},"end":{"line":144,"column":90}},"18":{"start":{"line":151,"column":8},"end":{"line":151,"column":45}},"19":{"start":{"line":153,"column":8},"end":{"line":153,"column":7690}},"20":{"start":{"line":154,"column":12},"end":{"line":154,"column":42}},"21":{"start":{"line":155,"column":12},"end":{"line":155,"column":52}},"22":{"start":{"line":158,"column":8},"end":{"line":158,"column":41}},"23":{"start":{"line":168,"column":8},"end":{"line":168,"column":47}},"24":{"start":{"line":169,"column":8},"end":{"line":169,"column":63}},"25":{"start":{"line":172,"column":8},"end":{"line":172,"column":36}},"26":{"start":{"line":175,"column":8},"end":{"line":175,"column":90}},"27":{"start":{"line":177,"column":8},"end":{"line":177,"column":32}},"28":{"start":{"line":177,"column":26},"end":{"line":177,"column":32}},"29":{"start":{"line":183,"column":8},"end":{"line":183,"column":38}},"30":{"start":{"line":185,"column":8},"end":{"line":185,"column":48}},"31":{"start":{"line":195,"column":8},"end":{"line":195,"column":41}},"32":{"start":{"line":196,"column":8},"end":{"line":196,"column":85}},"33":{"start":{"line":203,"column":8},"end":{"line":203,"column":34}},"34":{"start":{"line":213,"column":8},"end":{"line":213,"column":75}},"35":{"start":{"line":215,"column":8},"end":{"line":215,"column":43}},"36":{"start":{"line":242,"column":8},"end":{"line":242,"column":54}},"37":{"start":{"line":242,"column":46},"end":{"line":242,"column":54}},"38":{"start":{"line":243,"column":8},"end":{"line":243,"column":53}},"39":{"start":{"line":245,"column":8},"end":{"line":245,"column":60}}},"branchMap":{"1":{"line":87,"type":"if","locations":[{"start":{"line":87,"column":8},"end":{"line":87,"column":8}},{"start":{"line":87,"column":8},"end":{"line":87,"column":8}}]},"2":{"line":99,"type":"if","locations":[{"start":{"line":99,"column":44},"end":{"line":99,"column":44}},{"start":{"line":99,"column":44},"end":{"line":99,"column":44}}]},"3":{"line":100,"type":"if","locations":[{"start":{"line":100,"column":8},"end":{"line":100,"column":8}},{"start":{"line":100,"column":8},"end":{"line":100,"column":8}}]},"4":{"line":109,"type":"if","locations":[{"start":{"line":109,"column":8},"end":{"line":109,"column":8}},{"start":{"line":109,"column":8},"end":{"line":109,"column":8}}]},"5":{"line":121,"type":"if","locations":[{"start":{"line":121,"column":8},"end":{"line":121,"column":8}},{"start":{"line":121,"column":8},"end":{"line":121,"column":8}}]},"6":{"line":133,"type":"if","locations":[{"start":{"line":133,"column":46},"end":{"line":133,"column":46}},{"start":{"line":133,"column":46},"end":{"line":133,"column":46}}]},"7":{"line":136,"type":"if","locations":[{"start":{"line":136,"column":8},"end":{"line":136,"column":8}},{"start":{"line":136,"column":8},"end":{"line":136,"column":8}}]},"8":{"line":137,"type":"if","locations":[{"start":{"line":137,"column":8},"end":{"line":137,"column":8}},{"start":{"line":137,"column":8},"end":{"line":137,"column":8}}]},"9":{"line":138,"type":"if","locations":[{"start":{"line":138,"column":8},"end":{"line":138,"column":8}},{"start":{"line":138,"column":8},"end":{"line":138,"column":8}}]},"10":{"line":153,"type":"if","locations":[{"start":{"line":153,"column":8},"end":{"line":153,"column":8}},{"start":{"line":153,"column":8},"end":{"line":153,"column":8}}]},"11":{"line":166,"type":"if","locations":[{"start":{"line":166,"column":37},"end":{"line":166,"column":37}},{"start":{"line":166,"column":37},"end":{"line":166,"column":37}}]},"12":{"line":169,"type":"if","locations":[{"start":{"line":169,"column":8},"end":{"line":169,"column":8}},{"start":{"line":169,"column":8},"end":{"line":169,"column":8}}]},"13":{"line":177,"type":"if","locations":[{"start":{"line":177,"column":8},"end":{"line":177,"column":8}},{"start":{"line":177,"column":8},"end":{"line":177,"column":8}}]},"14":{"line":212,"type":"if","locations":[{"start":{"line":212,"column":57},"end":{"line":212,"column":57}},{"start":{"line":212,"column":57},"end":{"line":212,"column":57}}]},"15":{"line":213,"type":"if","locations":[{"start":{"line":213,"column":8},"end":{"line":213,"column":8}},{"start":{"line":213,"column":8},"end":{"line":213,"column":8}}]},"16":{"line":242,"type":"if","locations":[{"start":{"line":242,"column":8},"end":{"line":242,"column":8}},{"start":{"line":242,"column":8},"end":{"line":242,"column":8}}]},"17":{"line":242,"type":"cond-expr","locations":[{"start":{"line":242,"column":12},"end":{"line":242,"column":25}},{"start":{"line":242,"column":30},"end":{"line":242,"column":43}}]}}}}