{"contracts/CS218Token.sol":{"l":{"11":1,"15":1,"19":2,"23":2},"path":"/home/gp/Programming/eth/cs218-erc20-staking/smart-contracts/contracts/CS218Token.sol","s":{"1":1,"2":2,"3":2},"b":{"1":[1,0],"2":[2,0],"3":[2,0]},"f":{"1":1,"2":1,"3":2},"fnMap":{"1":{"name":"constructor","line":10,"loc":{"start":{"line":10,"column":4},"end":{"line":12,"column":4}}},"2":{"name":"setMinter","line":14,"loc":{"start":{"line":14,"column":4},"end":{"line":16,"column":4}}},"3":{"name":"mint","line":18,"loc":{"start":{"line":18,"column":4},"end":{"line":24,"column":4}}}},"statementMap":{"1":{"start":{"line":11,"column":8},"end":{"line":11,"column":54}},"2":{"start":{"line":19,"column":8},"end":{"line":19,"column":536}},"3":{"start":{"line":23,"column":8},"end":{"line":23,"column":24}}},"branchMap":{"1":{"line":14,"type":"if","locations":[{"start":{"line":14,"column":49},"end":{"line":14,"column":49}},{"start":{"line":14,"column":49},"end":{"line":14,"column":49}}]},"2":{"line":19,"type":"if","locations":[{"start":{"line":19,"column":8},"end":{"line":19,"column":8}},{"start":{"line":19,"column":8},"end":{"line":19,"column":8}}]},"3":{"line":20,"type":"cond-expr","locations":[{"start":{"line":20,"column":12},"end":{"line":20,"column":31}},{"start":{"line":20,"column":36},"end":{"line":20,"column":56}}]}}},"contracts/StakingContract.sol":{"l":{"26":1,"30":7,"32":6,"33":0,"34":0,"35":0,"36":0,"37":0,"41":6,"42":6,"43":6,"45":6,"49":2,"50":2,"52":1,"53":1,"55":1,"56":1,"58":1,"60":1,"61":1,"62":1,"65":1,"69":2,"71":2,"72":2,"74":1,"75":1,"77":1,"81":5,"85":2,"89":1,"90":1,"94":8,"95":8,"96":8,"97":8},"path":"/home/gp/Programming/eth/cs218-erc20-staking/smart-contracts/contracts/StakingContract.sol","s":{"1":7,"2":6,"3":0,"4":0,"5":0,"6":0,"7":6,"8":6,"9":2,"10":2,"11":1,"12":1,"13":1,"14":1,"15":1,"16":1,"17":1,"18":2,"19":2,"20":2,"21":1,"22":1,"23":5,"24":2,"25":1,"26":8,"27":8,"28":0,"29":8,"30":8},"b":{"1":[7,0],"2":[6,1],"3":[0,6],"4":[0,0],"5":[2,0],"6":[1,1],"7":[1,0],"8":[2,0],"9":[2,0],"10":[1,1],"11":[1,1],"12":[0,8],"13":[0,0]},"f":{"1":1,"2":7,"3":2,"4":2,"5":5,"6":2,"7":1,"8":8},"fnMap":{"1":{"name":"constructor","line":25,"loc":{"start":{"line":25,"column":4},"end":{"line":27,"column":4}}},"2":{"name":"stake","line":29,"loc":{"start":{"line":29,"column":4},"end":{"line":46,"column":4}}},"3":{"name":"unstake","line":48,"loc":{"start":{"line":48,"column":4},"end":{"line":66,"column":4}}},"4":{"name":"claimRewards","line":68,"loc":{"start":{"line":68,"column":4},"end":{"line":78,"column":4}}},"5":{"name":"getPendingRewards","line":80,"loc":{"start":{"line":80,"column":4},"end":{"line":82,"column":4}}},"6":{"name":"getStakedBalance","line":84,"loc":{"start":{"line":84,"column":4},"end":{"line":86,"column":4}}},"7":{"name":"setRewardRate","line":88,"loc":{"start":{"line":88,"column":4},"end":{"line":91,"column":4}}},"8":{"name":"_calculateRewards","line":93,"loc":{"start":{"line":93,"column":4},"end":{"line":98,"column":4}}}},"statementMap":{"1":{"start":{"line":30,"column":8},"end":{"line":30,"column":54}},"2":{"start":{"line":32,"column":8},"end":{"line":32,"column":918}},"3":{"start":{"line":33,"column":12},"end":{"line":33,"column":59}},"4":{"start":{"line":34,"column":12},"end":{"line":34,"column":1032}},"5":{"start":{"line":36,"column":16},"end":{"line":36,"column":46}},"6":{"start":{"line":37,"column":16},"end":{"line":37,"column":56}},"7":{"start":{"line":41,"column":8},"end":{"line":41,"column":60}},"8":{"start":{"line":45,"column":8},"end":{"line":45,"column":39}},"9":{"start":{"line":49,"column":8},"end":{"line":49,"column":47}},"10":{"start":{"line":50,"column":8},"end":{"line":50,"column":46}},"11":{"start":{"line":52,"column":8},"end":{"line":52,"column":55}},"12":{"start":{"line":53,"column":8},"end":{"line":53,"column":36}},"13":{"start":{"line":58,"column":8},"end":{"line":58,"column":44}},"14":{"start":{"line":60,"column":8},"end":{"line":60,"column":1863}},"15":{"start":{"line":61,"column":12},"end":{"line":61,"column":42}},"16":{"start":{"line":62,"column":12},"end":{"line":62,"column":52}},"17":{"start":{"line":65,"column":8},"end":{"line":65,"column":44}},"18":{"start":{"line":69,"column":8},"end":{"line":69,"column":63}},"19":{"start":{"line":71,"column":8},"end":{"line":71,"column":55}},"20":{"start":{"line":72,"column":8},"end":{"line":72,"column":50}},"21":{"start":{"line":75,"column":8},"end":{"line":75,"column":38}},"22":{"start":{"line":77,"column":8},"end":{"line":77,"column":48}},"23":{"start":{"line":81,"column":8},"end":{"line":81,"column":38}},"24":{"start":{"line":85,"column":8},"end":{"line":85,"column":34}},"25":{"start":{"line":90,"column":8},"end":{"line":90,"column":43}},"26":{"start":{"line":94,"column":8},"end":{"line":94,"column":41}},"27":{"start":{"line":95,"column":8},"end":{"line":95,"column":64}},"28":{"start":{"line":95,"column":56},"end":{"line":95,"column":64}},"29":{"start":{"line":96,"column":8},"end":{"line":96,"column":75}},"30":{"start":{"line":97,"column":8},"end":{"line":97,"column":55}}},"branchMap":{"1":{"line":29,"type":"if","locations":[{"start":{"line":29,"column":44},"end":{"line":29,"column":44}},{"start":{"line":29,"column":44},"end":{"line":29,"column":44}}]},"2":{"line":30,"type":"if","locations":[{"start":{"line":30,"column":8},"end":{"line":30,"column":8}},{"start":{"line":30,"column":8},"end":{"line":30,"column":8}}]},"3":{"line":32,"type":"if","locations":[{"start":{"line":32,"column":8},"end":{"line":32,"column":8}},{"start":{"line":32,"column":8},"end":{"line":32,"column":8}}]},"4":{"line":34,"type":"if","locations":[{"start":{"line":34,"column":12},"end":{"line":34,"column":12}},{"start":{"line":34,"column":12},"end":{"line":34,"column":12}}]},"5":{"line":48,"type":"if","locations":[{"start":{"line":48,"column":32},"end":{"line":48,"column":32}},{"start":{"line":48,"column":32},"end":{"line":48,"column":32}}]},"6":{"line":50,"type":"if","locations":[{"start":{"line":50,"column":8},"end":{"line":50,"column":8}},{"start":{"line":50,"column":8},"end":{"line":50,"column":8}}]},"7":{"line":60,"type":"if","locations":[{"start":{"line":60,"column":8},"end":{"line":60,"column":8}},{"start":{"line":60,"column":8},"end":{"line":60,"column":8}}]},"8":{"line":68,"type":"if","locations":[{"start":{"line":68,"column":37},"end":{"line":68,"column":37}},{"start":{"line":68,"column":37},"end":{"line":68,"column":37}}]},"9":{"line":69,"type":"if","locations":[{"start":{"line":69,"column":8},"end":{"line":69,"column":8}},{"start":{"line":69,"column":8},"end":{"line":69,"column":8}}]},"10":{"line":72,"type":"if","locations":[{"start":{"line":72,"column":8},"end":{"line":72,"column":8}},{"start":{"line":72,"column":8},"end":{"line":72,"column":8}}]},"11":{"line":88,"type":"if","locations":[{"start":{"line":88,"column":57},"end":{"line":88,"column":57}},{"start":{"line":88,"column":57},"end":{"line":88,"column":57}}]},"12":{"line":95,"type":"if","locations":[{"start":{"line":95,"column":8},"end":{"line":95,"column":8}},{"start":{"line":95,"column":8},"end":{"line":95,"column":8}}]},"13":{"line":95,"type":"cond-expr","locations":[{"start":{"line":95,"column":12},"end":{"line":95,"column":24}},{"start":{"line":95,"column":29},"end":{"line":95,"column":53}}]}}}}